[debug] [2023-01-03T09:49:28.907Z] ----------------------------------------------------------------------
[debug] [2023-01-03T09:49:28.909Z] Command:       C:\Program Files\nodejs\node.exe C:\Users\paliw\AppData\Roaming\npm\node_modules\firebase-tools\lib\bin\firebase.js emulators:start
[debug] [2023-01-03T09:49:28.909Z] CLI Version:   11.19.0
[debug] [2023-01-03T09:49:28.909Z] Platform:      win32
[debug] [2023-01-03T09:49:28.909Z] Node Version:  v16.14.2
[debug] [2023-01-03T09:49:28.910Z] Time:          Tue Jan 03 2023 15:19:28 GMT+0530 (India Standard Time)
[debug] [2023-01-03T09:49:28.911Z] ----------------------------------------------------------------------
[debug] 
[debug] [2023-01-03T09:49:28.983Z] > command requires scopes: ["email","openid","https://www.googleapis.com/auth/cloudplatformprojects.readonly","https://www.googleapis.com/auth/firebase","https://www.googleapis.com/auth/cloud-platform"]
[debug] [2023-01-03T09:49:28.984Z] > authorizing via signed-in user (yashaswipaliwal@gmail.com)
[info] i  emulators: Starting emulators: functions, hosting {"metadata":{"emulator":{"name":"hub"},"message":"Starting emulators: functions, hosting"}}
[debug] [2023-01-03T09:49:28.999Z] [logging] Logging Emulator only supports listening on one address (127.0.0.1). Not listening on ::1
[debug] [2023-01-03T09:49:28.999Z] [hosting] Hosting Emulator only supports listening on one address (127.0.0.1). Not listening on ::1
[debug] [2023-01-03T09:49:28.999Z] assigned listening specs for emulators {"user":{"hub":[{"address":"127.0.0.1","family":"IPv4","port":4400},{"address":"::1","family":"IPv6","port":4400}],"ui":[{"address":"127.0.0.1","family":"IPv4","port":4000},{"address":"::1","family":"IPv6","port":4000}],"logging":[{"address":"127.0.0.1","family":"IPv4","port":4500}],"hosting":[{"address":"127.0.0.1","family":"IPv4","port":5000}]},"metadata":{"message":"assigned listening specs for emulators"}}
[debug] [2023-01-03T09:49:29.009Z] [hub] writing locator at C:\Users\paliw\AppData\Local\Temp\hub-clone-eb6e7.json
[debug] [2023-01-03T09:49:29.042Z] [functions] Functions Emulator only supports listening on one address (127.0.0.1). Not listening on ::1
[debug] [2023-01-03T09:49:29.043Z] [eventarc] Eventarc Emulator only supports listening on one address (127.0.0.1). Not listening on ::1
[debug] [2023-01-03T09:49:29.043Z] late-assigned ports for functions and eventarc emulators {"user":{"hub":[{"address":"127.0.0.1","family":"IPv4","port":4400},{"address":"::1","family":"IPv6","port":4400}],"ui":[{"address":"127.0.0.1","family":"IPv4","port":4000},{"address":"::1","family":"IPv6","port":4000}],"logging":[{"address":"127.0.0.1","family":"IPv4","port":4500}],"hosting":[{"address":"127.0.0.1","family":"IPv4","port":5000}],"functions":[{"address":"127.0.0.1","family":"IPv4","port":5001}],"eventarc":[{"address":"127.0.0.1","family":"IPv4","port":9299}]},"metadata":{"message":"late-assigned ports for functions and eventarc emulators"}}
[warn] !  functions: The following emulators are not running, calls to these services from the Functions emulator will affect production: auth, firestore, database, pubsub, storage {"metadata":{"emulator":{"name":"functions"},"message":"The following emulators are not running, calls to these services from the Functions emulator will affect production: \u001b[1mauth, firestore, database, pubsub, storage\u001b[22m"}}
[info] +  functions: Using node@16 from host. {"metadata":{"emulator":{"name":"functions"},"message":"Using node@16 from host."}}
[debug] [2023-01-03T09:49:29.081Z] defaultcredentials: writing to file C:\Users\paliw\AppData\Roaming\firebase\yashaswipaliwal_gmail_com_application_default_credentials.json
[debug] [2023-01-03T09:49:29.086Z] Setting GAC to C:\Users\paliw\AppData\Roaming\firebase\yashaswipaliwal_gmail_com_application_default_credentials.json {"metadata":{"emulator":{"name":"functions"},"message":"Setting GAC to C:\\Users\\paliw\\AppData\\Roaming\\firebase\\yashaswipaliwal_gmail_com_application_default_credentials.json"}}
[debug] [2023-01-03T09:49:29.088Z] >>> [apiv2][query] GET https://firebase.googleapis.com/v1beta1/projects/clone-eb6e7/adminSdkConfig [none]
[debug] [2023-01-03T09:49:29.641Z] <<< [apiv2][status] GET https://firebase.googleapis.com/v1beta1/projects/clone-eb6e7/adminSdkConfig 200
[debug] [2023-01-03T09:49:29.641Z] <<< [apiv2][body] GET https://firebase.googleapis.com/v1beta1/projects/clone-eb6e7/adminSdkConfig {"projectId":"clone-eb6e7","storageBucket":"clone-eb6e7.appspot.com"}
[debug] [2023-01-03T09:49:29.666Z] >>> [apiv2][query] GET https://firebasehosting.googleapis.com/v1beta1/projects/clone-eb6e7/sites 
[debug] [2023-01-03T09:49:31.093Z] <<< [apiv2][status] GET https://firebasehosting.googleapis.com/v1beta1/projects/clone-eb6e7/sites 200
[debug] [2023-01-03T09:49:31.094Z] <<< [apiv2][body] GET https://firebasehosting.googleapis.com/v1beta1/projects/clone-eb6e7/sites {"sites":[{"name":"projects/clone-eb6e7/sites/clone-eb6e7","defaultUrl":"https://clone-eb6e7.web.app","appId":"1:857237477510:web:0348e96590f5c6c9189907","type":"DEFAULT_SITE"}]}
[debug] [2023-01-03T09:49:31.094Z] >>> [apiv2][query] GET https://firebase.googleapis.com/v1beta1/projects/clone-eb6e7/webApps/1:857237477510:web:0348e96590f5c6c9189907/config [none]
[debug] [2023-01-03T09:49:32.398Z] <<< [apiv2][status] GET https://firebase.googleapis.com/v1beta1/projects/clone-eb6e7/webApps/1:857237477510:web:0348e96590f5c6c9189907/config 200
[debug] [2023-01-03T09:49:32.398Z] <<< [apiv2][body] GET https://firebase.googleapis.com/v1beta1/projects/clone-eb6e7/webApps/1:857237477510:web:0348e96590f5c6c9189907/config {"projectId":"clone-eb6e7","appId":"1:857237477510:web:0348e96590f5c6c9189907","storageBucket":"clone-eb6e7.appspot.com","apiKey":"AIzaSyDeMnJNfDLrU9tInBAK9aqJzzmTIN6W3AY","authDomain":"clone-eb6e7.firebaseapp.com","messagingSenderId":"857237477510","measurementId":"G-SYZNXLMFVH"}
[debug] [2023-01-03T09:49:32.405Z] >>> [apiv2][query] GET https://firebase.googleapis.com/v1beta1/projects/clone-eb6e7 [none]
[debug] [2023-01-03T09:49:32.866Z] <<< [apiv2][status] GET https://firebase.googleapis.com/v1beta1/projects/clone-eb6e7 200
[debug] [2023-01-03T09:49:32.867Z] <<< [apiv2][body] GET https://firebase.googleapis.com/v1beta1/projects/clone-eb6e7 {"projectId":"clone-eb6e7","projectNumber":"857237477510","displayName":"amazon-clone","name":"projects/clone-eb6e7","resources":{"hostingSite":"clone-eb6e7"},"state":"ACTIVE","etag":"1_9d827253-912d-4d07-be7d-eb31fb2e9ea7"}
[info] i  hosting[clone-eb6e7]: Serving hosting files from: build {"metadata":{"emulator":{"name":"hosting"},"message":"Serving hosting files from: \u001b[1mbuild\u001b[22m"}}
[info] +  hosting[clone-eb6e7]: Local server: http://127.0.0.1:5000 {"metadata":{"emulator":{"name":"hosting"},"message":"Local server: \u001b[4m\u001b[1mhttp://127.0.0.1:5000\u001b[22m\u001b[24m"}}
[debug] [2023-01-03T09:49:32.896Z] Ignoring unsupported arg: auto_download {"metadata":{"emulator":{"name":"ui"},"message":"Ignoring unsupported arg: auto_download"}}
[debug] [2023-01-03T09:49:32.896Z] Ignoring unsupported arg: port {"metadata":{"emulator":{"name":"ui"},"message":"Ignoring unsupported arg: port"}}
[debug] [2023-01-03T09:49:32.896Z] Starting Emulator UI with command {"binary":"node","args":["C:\\Users\\paliw\\.cache\\firebase\\emulators\\ui-v1.11.1\\server\\server.js"],"optionalArgs":[],"joinArgs":false} {"metadata":{"emulator":{"name":"ui"},"message":"Starting Emulator UI with command {\"binary\":\"node\",\"args\":[\"C:\\\\Users\\\\paliw\\\\.cache\\\\firebase\\\\emulators\\\\ui-v1.11.1\\\\server\\\\server.js\"],\"optionalArgs\":[],\"joinArgs\":false}"}}
[info] i  ui: Emulator UI logging to ui-debug.log {"metadata":{"emulator":{"name":"ui"},"message":"Emulator UI logging to \u001b[1mui-debug.log\u001b[22m"}}
[debug] [2023-01-03T09:49:33.062Z] Web / API server started at 127.0.0.1:4000
 {"metadata":{"emulator":{"name":"ui"},"message":"Web / API server started at 127.0.0.1:4000\n"}}
[debug] [2023-01-03T09:49:33.063Z] Web / API server started at ::1:4000
 {"metadata":{"emulator":{"name":"ui"},"message":"Web / API server started at ::1:4000\n"}}
[info] i  functions: Watching "C:\Users\paliw\OneDrive\Desktop\amaz-clone-copy\functions" for Cloud Functions... {"metadata":{"emulator":{"name":"functions"},"message":"Watching \"C:\\Users\\paliw\\OneDrive\\Desktop\\amaz-clone-copy\\functions\" for Cloud Functions..."}}
[debug] [2023-01-03T09:49:33.167Z] Validating nodejs source
[debug] [2023-01-03T09:49:34.362Z] > [functions] package.json contents: {
  "name": "functions",
  "description": "Cloud Functions for Firebase",
  "scripts": {
    "lint": "eslint .",
    "serve": "firebase emulators:start --only functions",
    "shell": "firebase functions:shell",
    "start": "npm run shell",
    "deploy": "firebase deploy --only functions",
    "logs": "firebase functions:log"
  },
  "engines": {
    "node": "16"
  },
  "main": "index.js",
  "dependencies": {
    "cors": "~2.8.5",
    "express": "~4.18.2",
    "firebase-admin": "~10.0.2",
    "firebase-functions": "~4.1.1",
    "stripe": "^11.5.0"
  },
  "devDependencies": {
    "eslint": "~8.9.0",
    "eslint-config-google": "~0.14.0",
    "firebase-functions-test": "~0.2.0"
  },
  "private": true
}
[debug] [2023-01-03T09:49:34.362Z] Building nodejs source
[debug] [2023-01-03T09:49:34.364Z] Could not find functions.yaml. Must use http discovery
[debug] [2023-01-03T09:49:34.845Z] Serving at port 9005

[debug] [2023-01-03T09:49:35.587Z] Got response from /__/functions.yaml {"endpoints":{"api":{"platform":"gcfv1","availableMemoryMb":null,"timeoutSeconds":null,"minInstances":null,"maxInstances":null,"ingressSettings":null,"serviceAccountEmail":null,"vpc":null,"httpsTrigger":{},"entryPoint":"api"}},"specVersion":"v1alpha1","requiredAPIs":[]}
[debug] [2023-01-03T09:49:35.599Z] shutdown requested via /__/quitquitquit

[info] +  functions: Loaded functions definitions from source: api. {"metadata":{"emulator":{"name":"functions"},"message":"Loaded functions definitions from source: api."}}
[info] +  functions[us-central1-api]: http function initialized (http://127.0.0.1:5001/clone-eb6e7/us-central1/api). {"metadata":{"emulator":{"name":"functions"},"message":"\u001b[1mhttp\u001b[22m function initialized (http://127.0.0.1:5001/clone-eb6e7/us-central1/api)."}}
[info] 
┌─────────────────────────────────────────────────────────────┐
│ ✔  All emulators ready! It is now safe to connect your app. │
│ i  View Emulator UI at http://127.0.0.1:4000/               │
└─────────────────────────────────────────────────────────────┘

┌───────────┬────────────────┬─────────────────────────────────┐
│ Emulator  │ Host:Port      │ View in Emulator UI             │
├───────────┼────────────────┼─────────────────────────────────┤
│ Functions │ 127.0.0.1:5001 │ http://127.0.0.1:4000/functions │
├───────────┼────────────────┼─────────────────────────────────┤
│ Hosting   │ 127.0.0.1:5000 │ n/a                             │
└───────────┴────────────────┴─────────────────────────────────┘
  Emulator Hub running at 127.0.0.1:4400
  Other reserved ports: 4500

Issues? Report them at https://github.com/firebase/firebase-tools/issues and attach the *-debug.log files.
 
[debug] [2023-01-03T09:50:17.798Z] [work-queue] {"queuedWork":["/clone-eb6e7/us-central1/api/payments/create-2023-01-03T09:50:17.798Z"],"queueLength":1,"runningWork":[],"workRunningCount":0}
[debug] [2023-01-03T09:50:17.799Z] [work-queue] {"queuedWork":[],"queueLength":0,"runningWork":["/clone-eb6e7/us-central1/api/payments/create-2023-01-03T09:50:17.798Z"],"workRunningCount":1}
[debug] [2023-01-03T09:50:17.800Z] Accepted request POST /clone-eb6e7/us-central1/api/payments/create?total=9179800 --> us-central1-api
[debug] [2023-01-03T09:50:17.804Z] [functions] Runtime ready! Sending request! {"metadata":{"emulator":{"name":"functions"},"message":"[functions] Runtime ready! Sending request!"}}
[debug] [2023-01-03T09:50:17.805Z] [functions] Got req.url=/clone-eb6e7/us-central1/api/payments/create?total=9179800, mapping to path=/payments/create?total=9179800 {"metadata":{"emulator":{"name":"functions"},"message":"[functions] Got req.url=/clone-eb6e7/us-central1/api/payments/create?total=9179800, mapping to path=/payments/create?total=9179800"}}
[debug] [2023-01-03T09:50:17.820Z] [worker-pool] addWorker(us-central1-api) {"metadata":{"emulator":{"name":"functions"},"message":"[worker-pool] addWorker(us-central1-api)"}}
[debug] [2023-01-03T09:50:17.821Z] [worker-pool] Adding worker with key us-central1-api, total=1 {"metadata":{"emulator":{"name":"functions"},"message":"[worker-pool] Adding worker with key us-central1-api, total=1"}}
[debug] [2023-01-03T09:50:17.829Z] [work-queue] {"queuedWork":["/clone-eb6e7/us-central1/api/payments/create-2023-01-03T09:50:17.829Z"],"queueLength":1,"runningWork":["/clone-eb6e7/us-central1/api/payments/create-2023-01-03T09:50:17.798Z"],"workRunningCount":1}
[debug] [2023-01-03T09:50:17.830Z] [work-queue] {"queuedWork":[],"queueLength":0,"runningWork":["/clone-eb6e7/us-central1/api/payments/create-2023-01-03T09:50:17.798Z","/clone-eb6e7/us-central1/api/payments/create-2023-01-03T09:50:17.829Z"],"workRunningCount":2}
[debug] [2023-01-03T09:50:17.830Z] Accepted request POST /clone-eb6e7/us-central1/api/payments/create?total=9179800 --> us-central1-api
[debug] [2023-01-03T09:50:17.833Z] [functions] Runtime ready! Sending request! {"metadata":{"emulator":{"name":"functions"},"message":"[functions] Runtime ready! Sending request!"}}
[debug] [2023-01-03T09:50:17.834Z] [functions] Got req.url=/clone-eb6e7/us-central1/api/payments/create?total=9179800, mapping to path=/payments/create?total=9179800 {"metadata":{"emulator":{"name":"functions"},"message":"[functions] Got req.url=/clone-eb6e7/us-central1/api/payments/create?total=9179800, mapping to path=/payments/create?total=9179800"}}
[debug] [2023-01-03T09:50:17.842Z] [worker-pool] addWorker(us-central1-api) {"metadata":{"emulator":{"name":"functions"},"message":"[worker-pool] addWorker(us-central1-api)"}}
[debug] [2023-01-03T09:50:17.843Z] [worker-pool] Adding worker with key us-central1-api, total=2 {"metadata":{"emulator":{"name":"functions"},"message":"[worker-pool] Adding worker with key us-central1-api, total=2"}}
[debug] [2023-01-03T09:50:19.867Z] [runtime-status] [82200] Resolved module firebase-admin {"declared":true,"installed":true,"version":"10.0.2","resolution":"C:\\Users\\paliw\\OneDrive\\Desktop\\amaz-clone-copy\\functions\\node_modules\\firebase-admin\\lib\\index.js"} {"metadata":{"emulator":{"name":"functions"},"function":{"name":"us-central1-api"},"extension":{},"message":"[runtime-status] [82200] Resolved module firebase-admin {\"declared\":true,\"installed\":true,\"version\":\"10.0.2\",\"resolution\":\"C:\\\\Users\\\\paliw\\\\OneDrive\\\\Desktop\\\\amaz-clone-copy\\\\functions\\\\node_modules\\\\firebase-admin\\\\lib\\\\index.js\"}"}}
[debug] [2023-01-03T09:50:19.867Z] [runtime-status] [90220] Resolved module firebase-admin {"declared":true,"installed":true,"version":"10.0.2","resolution":"C:\\Users\\paliw\\OneDrive\\Desktop\\amaz-clone-copy\\functions\\node_modules\\firebase-admin\\lib\\index.js"} {"metadata":{"emulator":{"name":"functions"},"function":{"name":"us-central1-api"},"extension":{},"message":"[runtime-status] [90220] Resolved module firebase-admin {\"declared\":true,\"installed\":true,\"version\":\"10.0.2\",\"resolution\":\"C:\\\\Users\\\\paliw\\\\OneDrive\\\\Desktop\\\\amaz-clone-copy\\\\functions\\\\node_modules\\\\firebase-admin\\\\lib\\\\index.js\"}"}}
[debug] [2023-01-03T09:50:19.869Z] [runtime-status] [90220] Resolved module firebase-functions {"declared":true,"installed":true,"version":"4.1.1","resolution":"C:\\Users\\paliw\\OneDrive\\Desktop\\amaz-clone-copy\\functions\\node_modules\\firebase-functions\\lib\\v1\\index.js"} {"metadata":{"emulator":{"name":"functions"},"function":{"name":"us-central1-api"},"extension":{},"message":"[runtime-status] [90220] Resolved module firebase-functions {\"declared\":true,\"installed\":true,\"version\":\"4.1.1\",\"resolution\":\"C:\\\\Users\\\\paliw\\\\OneDrive\\\\Desktop\\\\amaz-clone-copy\\\\functions\\\\node_modules\\\\firebase-functions\\\\lib\\\\v1\\\\index.js\"}"}}
[debug] [2023-01-03T09:50:19.870Z] [runtime-status] [82200] Resolved module firebase-functions {"declared":true,"installed":true,"version":"4.1.1","resolution":"C:\\Users\\paliw\\OneDrive\\Desktop\\amaz-clone-copy\\functions\\node_modules\\firebase-functions\\lib\\v1\\index.js"} {"metadata":{"emulator":{"name":"functions"},"function":{"name":"us-central1-api"},"extension":{},"message":"[runtime-status] [82200] Resolved module firebase-functions {\"declared\":true,\"installed\":true,\"version\":\"4.1.1\",\"resolution\":\"C:\\\\Users\\\\paliw\\\\OneDrive\\\\Desktop\\\\amaz-clone-copy\\\\functions\\\\node_modules\\\\firebase-functions\\\\lib\\\\v1\\\\index.js\"}"}}
[debug] [2023-01-03T09:50:19.870Z] [runtime-status] [90220] Outgoing network have been stubbed. [{"name":"http","status":"mocked"},{"name":"http","status":"mocked"},{"name":"https","status":"mocked"},{"name":"https","status":"mocked"},{"name":"net","status":"mocked"}] {"metadata":{"emulator":{"name":"functions"},"function":{"name":"us-central1-api"},"extension":{},"message":"[runtime-status] [90220] Outgoing network have been stubbed. [{\"name\":\"http\",\"status\":\"mocked\"},{\"name\":\"http\",\"status\":\"mocked\"},{\"name\":\"https\",\"status\":\"mocked\"},{\"name\":\"https\",\"status\":\"mocked\"},{\"name\":\"net\",\"status\":\"mocked\"}]"}}
[debug] [2023-01-03T09:50:19.870Z] [runtime-status] [82200] Outgoing network have been stubbed. [{"name":"http","status":"mocked"},{"name":"http","status":"mocked"},{"name":"https","status":"mocked"},{"name":"https","status":"mocked"},{"name":"net","status":"mocked"}] {"metadata":{"emulator":{"name":"functions"},"function":{"name":"us-central1-api"},"extension":{},"message":"[runtime-status] [82200] Outgoing network have been stubbed. [{\"name\":\"http\",\"status\":\"mocked\"},{\"name\":\"http\",\"status\":\"mocked\"},{\"name\":\"https\",\"status\":\"mocked\"},{\"name\":\"https\",\"status\":\"mocked\"},{\"name\":\"net\",\"status\":\"mocked\"}]"}}
[debug] [2023-01-03T09:50:19.871Z] [runtime-status] [90220] Resolved module firebase-functions {"declared":true,"installed":true,"version":"4.1.1","resolution":"C:\\Users\\paliw\\OneDrive\\Desktop\\amaz-clone-copy\\functions\\node_modules\\firebase-functions\\lib\\v1\\index.js"} {"metadata":{"emulator":{"name":"functions"},"function":{"name":"us-central1-api"},"extension":{},"message":"[runtime-status] [90220] Resolved module firebase-functions {\"declared\":true,\"installed\":true,\"version\":\"4.1.1\",\"resolution\":\"C:\\\\Users\\\\paliw\\\\OneDrive\\\\Desktop\\\\amaz-clone-copy\\\\functions\\\\node_modules\\\\firebase-functions\\\\lib\\\\v1\\\\index.js\"}"}}
[debug] [2023-01-03T09:50:19.872Z] [runtime-status] [82200] Resolved module firebase-functions {"declared":true,"installed":true,"version":"4.1.1","resolution":"C:\\Users\\paliw\\OneDrive\\Desktop\\amaz-clone-copy\\functions\\node_modules\\firebase-functions\\lib\\v1\\index.js"} {"metadata":{"emulator":{"name":"functions"},"function":{"name":"us-central1-api"},"extension":{},"message":"[runtime-status] [82200] Resolved module firebase-functions {\"declared\":true,\"installed\":true,\"version\":\"4.1.1\",\"resolution\":\"C:\\\\Users\\\\paliw\\\\OneDrive\\\\Desktop\\\\amaz-clone-copy\\\\functions\\\\node_modules\\\\firebase-functions\\\\lib\\\\v1\\\\index.js\"}"}}
[debug] [2023-01-03T09:50:20.278Z] [runtime-status] [82200] Checked functions.config() {"config":{}} {"metadata":{"emulator":{"name":"functions"},"function":{"name":"us-central1-api"},"extension":{},"message":"[runtime-status] [82200] Checked functions.config() {\"config\":{}}"}}
[debug] [2023-01-03T09:50:20.278Z] [runtime-status] [90220] Checked functions.config() {"config":{}} {"metadata":{"emulator":{"name":"functions"},"function":{"name":"us-central1-api"},"extension":{},"message":"[runtime-status] [90220] Checked functions.config() {\"config\":{}}"}}
[debug] [2023-01-03T09:50:20.279Z] [runtime-status] [90220] firebase-functions has been stubbed. {"functionsResolution":{"declared":true,"installed":true,"version":"4.1.1","resolution":"C:\\Users\\paliw\\OneDrive\\Desktop\\amaz-clone-copy\\functions\\node_modules\\firebase-functions\\lib\\v1\\index.js"}} {"metadata":{"emulator":{"name":"functions"},"function":{"name":"us-central1-api"},"extension":{},"message":"[runtime-status] [90220] firebase-functions has been stubbed. {\"functionsResolution\":{\"declared\":true,\"installed\":true,\"version\":\"4.1.1\",\"resolution\":\"C:\\\\Users\\\\paliw\\\\OneDrive\\\\Desktop\\\\amaz-clone-copy\\\\functions\\\\node_modules\\\\firebase-functions\\\\lib\\\\v1\\\\index.js\"}}"}}
[debug] [2023-01-03T09:50:20.279Z] [runtime-status] [82200] firebase-functions has been stubbed. {"functionsResolution":{"declared":true,"installed":true,"version":"4.1.1","resolution":"C:\\Users\\paliw\\OneDrive\\Desktop\\amaz-clone-copy\\functions\\node_modules\\firebase-functions\\lib\\v1\\index.js"}} {"metadata":{"emulator":{"name":"functions"},"function":{"name":"us-central1-api"},"extension":{},"message":"[runtime-status] [82200] firebase-functions has been stubbed. {\"functionsResolution\":{\"declared\":true,\"installed\":true,\"version\":\"4.1.1\",\"resolution\":\"C:\\\\Users\\\\paliw\\\\OneDrive\\\\Desktop\\\\amaz-clone-copy\\\\functions\\\\node_modules\\\\firebase-functions\\\\lib\\\\v1\\\\index.js\"}}"}}
[debug] [2023-01-03T09:50:20.279Z] [runtime-status] [82200] Resolved module firebase-functions {"declared":true,"installed":true,"version":"4.1.1","resolution":"C:\\Users\\paliw\\OneDrive\\Desktop\\amaz-clone-copy\\functions\\node_modules\\firebase-functions\\lib\\v1\\index.js"} {"metadata":{"emulator":{"name":"functions"},"function":{"name":"us-central1-api"},"extension":{},"message":"[runtime-status] [82200] Resolved module firebase-functions {\"declared\":true,\"installed\":true,\"version\":\"4.1.1\",\"resolution\":\"C:\\\\Users\\\\paliw\\\\OneDrive\\\\Desktop\\\\amaz-clone-copy\\\\functions\\\\node_modules\\\\firebase-functions\\\\lib\\\\v1\\\\index.js\"}"}}
[debug] [2023-01-03T09:50:20.279Z] [runtime-status] [90220] Resolved module firebase-functions {"declared":true,"installed":true,"version":"4.1.1","resolution":"C:\\Users\\paliw\\OneDrive\\Desktop\\amaz-clone-copy\\functions\\node_modules\\firebase-functions\\lib\\v1\\index.js"} {"metadata":{"emulator":{"name":"functions"},"function":{"name":"us-central1-api"},"extension":{},"message":"[runtime-status] [90220] Resolved module firebase-functions {\"declared\":true,\"installed\":true,\"version\":\"4.1.1\",\"resolution\":\"C:\\\\Users\\\\paliw\\\\OneDrive\\\\Desktop\\\\amaz-clone-copy\\\\functions\\\\node_modules\\\\firebase-functions\\\\lib\\\\v1\\\\index.js\"}"}}
[debug] [2023-01-03T09:50:20.281Z] [runtime-status] [82200] Resolved module firebase-admin {"declared":true,"installed":true,"version":"10.0.2","resolution":"C:\\Users\\paliw\\OneDrive\\Desktop\\amaz-clone-copy\\functions\\node_modules\\firebase-admin\\lib\\index.js"} {"metadata":{"emulator":{"name":"functions"},"function":{"name":"us-central1-api"},"extension":{},"message":"[runtime-status] [82200] Resolved module firebase-admin {\"declared\":true,\"installed\":true,\"version\":\"10.0.2\",\"resolution\":\"C:\\\\Users\\\\paliw\\\\OneDrive\\\\Desktop\\\\amaz-clone-copy\\\\functions\\\\node_modules\\\\firebase-admin\\\\lib\\\\index.js\"}"}}
[debug] [2023-01-03T09:50:20.281Z] [runtime-status] [90220] Resolved module firebase-admin {"declared":true,"installed":true,"version":"10.0.2","resolution":"C:\\Users\\paliw\\OneDrive\\Desktop\\amaz-clone-copy\\functions\\node_modules\\firebase-admin\\lib\\index.js"} {"metadata":{"emulator":{"name":"functions"},"function":{"name":"us-central1-api"},"extension":{},"message":"[runtime-status] [90220] Resolved module firebase-admin {\"declared\":true,\"installed\":true,\"version\":\"10.0.2\",\"resolution\":\"C:\\\\Users\\\\paliw\\\\OneDrive\\\\Desktop\\\\amaz-clone-copy\\\\functions\\\\node_modules\\\\firebase-admin\\\\lib\\\\index.js\"}"}}
[debug] [2023-01-03T09:50:20.285Z] [runtime-status] [90220] Resolved module firebase-functions {"declared":true,"installed":true,"version":"4.1.1","resolution":"C:\\Users\\paliw\\OneDrive\\Desktop\\amaz-clone-copy\\functions\\node_modules\\firebase-functions\\lib\\v1\\index.js"} {"metadata":{"emulator":{"name":"functions"},"function":{"name":"us-central1-api"},"extension":{},"message":"[runtime-status] [90220] Resolved module firebase-functions {\"declared\":true,\"installed\":true,\"version\":\"4.1.1\",\"resolution\":\"C:\\\\Users\\\\paliw\\\\OneDrive\\\\Desktop\\\\amaz-clone-copy\\\\functions\\\\node_modules\\\\firebase-functions\\\\lib\\\\v1\\\\index.js\"}"}}
[debug] [2023-01-03T09:50:20.285Z] [runtime-status] [82200] Resolved module firebase-functions {"declared":true,"installed":true,"version":"4.1.1","resolution":"C:\\Users\\paliw\\OneDrive\\Desktop\\amaz-clone-copy\\functions\\node_modules\\firebase-functions\\lib\\v1\\index.js"} {"metadata":{"emulator":{"name":"functions"},"function":{"name":"us-central1-api"},"extension":{},"message":"[runtime-status] [82200] Resolved module firebase-functions {\"declared\":true,\"installed\":true,\"version\":\"4.1.1\",\"resolution\":\"C:\\\\Users\\\\paliw\\\\OneDrive\\\\Desktop\\\\amaz-clone-copy\\\\functions\\\\node_modules\\\\firebase-functions\\\\lib\\\\v1\\\\index.js\"}"}}
[debug] [2023-01-03T09:50:20.286Z] [runtime-status] [82200] firebase-admin has been stubbed. {"adminResolution":{"declared":true,"installed":true,"version":"10.0.2","resolution":"C:\\Users\\paliw\\OneDrive\\Desktop\\amaz-clone-copy\\functions\\node_modules\\firebase-admin\\lib\\index.js"}} {"metadata":{"emulator":{"name":"functions"},"function":{"name":"us-central1-api"},"extension":{},"message":"[runtime-status] [82200] firebase-admin has been stubbed. {\"adminResolution\":{\"declared\":true,\"installed\":true,\"version\":\"10.0.2\",\"resolution\":\"C:\\\\Users\\\\paliw\\\\OneDrive\\\\Desktop\\\\amaz-clone-copy\\\\functions\\\\node_modules\\\\firebase-admin\\\\lib\\\\index.js\"}}"}}
[debug] [2023-01-03T09:50:20.286Z] [runtime-status] [90220] firebase-admin has been stubbed. {"adminResolution":{"declared":true,"installed":true,"version":"10.0.2","resolution":"C:\\Users\\paliw\\OneDrive\\Desktop\\amaz-clone-copy\\functions\\node_modules\\firebase-admin\\lib\\index.js"}} {"metadata":{"emulator":{"name":"functions"},"function":{"name":"us-central1-api"},"extension":{},"message":"[runtime-status] [90220] firebase-admin has been stubbed. {\"adminResolution\":{\"declared\":true,\"installed\":true,\"version\":\"10.0.2\",\"resolution\":\"C:\\\\Users\\\\paliw\\\\OneDrive\\\\Desktop\\\\amaz-clone-copy\\\\functions\\\\node_modules\\\\firebase-admin\\\\lib\\\\index.js\"}}"}}
[debug] [2023-01-03T09:50:20.585Z] [runtime-status] [82200] Functions runtime initialized. {"cwd":"C:\\Users\\paliw\\OneDrive\\Desktop\\amaz-clone-copy\\functions","node_version":"16.14.2"} {"metadata":{"emulator":{"name":"functions"},"function":{"name":"us-central1-api"},"extension":{},"message":"[runtime-status] [82200] Functions runtime initialized. {\"cwd\":\"C:\\\\Users\\\\paliw\\\\OneDrive\\\\Desktop\\\\amaz-clone-copy\\\\functions\",\"node_version\":\"16.14.2\"}"}}
[debug] [2023-01-03T09:50:20.585Z] [runtime-status] [90220] Functions runtime initialized. {"cwd":"C:\\Users\\paliw\\OneDrive\\Desktop\\amaz-clone-copy\\functions","node_version":"16.14.2"} {"metadata":{"emulator":{"name":"functions"},"function":{"name":"us-central1-api"},"extension":{},"message":"[runtime-status] [90220] Functions runtime initialized. {\"cwd\":\"C:\\\\Users\\\\paliw\\\\OneDrive\\\\Desktop\\\\amaz-clone-copy\\\\functions\",\"node_version\":\"16.14.2\"}"}}
[debug] [2023-01-03T09:50:20.586Z] [runtime-status] [90220] Listening to port: \\?\pipe\fire_emu_d8309b063a296566 {"metadata":{"emulator":{"name":"functions"},"function":{"name":"us-central1-api"},"extension":{},"message":"[runtime-status] [90220] Listening to port: \\\\?\\pipe\\fire_emu_d8309b063a296566"}}
[debug] [2023-01-03T09:50:20.586Z] [runtime-status] [82200] Listening to port: \\?\pipe\fire_emu_154f1a495608fe69 {"metadata":{"emulator":{"name":"functions"},"function":{"name":"us-central1-api"},"extension":{},"message":"[runtime-status] [82200] Listening to port: \\\\?\\pipe\\fire_emu_154f1a495608fe69"}}
[debug] [2023-01-03T09:50:20.667Z] [worker-us-central1-api-3ac5ff29-66db-4715-849d-d153bba6693e]: IDLE {"metadata":{"emulator":{"name":"functions"},"message":"[worker-us-central1-api-3ac5ff29-66db-4715-849d-d153bba6693e]: IDLE"}}
[debug] [2023-01-03T09:50:20.667Z] [worker-pool] submitRequest(triggerId=us-central1-api) {"metadata":{"emulator":{"name":"functions"},"message":"[worker-pool] submitRequest(triggerId=us-central1-api)"}}
[debug] [2023-01-03T09:50:20.668Z] [worker-us-central1-api-3ac5ff29-66db-4715-849d-d153bba6693e]: BUSY {"metadata":{"emulator":{"name":"functions"},"message":"[worker-us-central1-api-3ac5ff29-66db-4715-849d-d153bba6693e]: BUSY"}}
[info] i  functions: Beginning execution of "api" {"metadata":{"emulator":{"name":"functions"},"function":{"name":"us-central1-api"},"extension":{},"message":"Beginning execution of \"api\""}}
[info] >  Payment req received 9179800 {"user":"Payment req received 9179800","metadata":{"emulator":{"name":"functions"},"function":{"name":"us-central1-api"},"extension":{},"message":"\u001b[90m> \u001b[39m Payment req received 9179800"}}
[debug] [2023-01-03T09:50:20.674Z] [worker-us-central1-api-5cf4b64c-6701-437d-a7eb-706e184bdabf]: IDLE {"metadata":{"emulator":{"name":"functions"},"message":"[worker-us-central1-api-5cf4b64c-6701-437d-a7eb-706e184bdabf]: IDLE"}}
[debug] [2023-01-03T09:50:20.674Z] [worker-pool] submitRequest(triggerId=us-central1-api) {"metadata":{"emulator":{"name":"functions"},"message":"[worker-pool] submitRequest(triggerId=us-central1-api)"}}
[debug] [2023-01-03T09:50:20.674Z] [worker-us-central1-api-5cf4b64c-6701-437d-a7eb-706e184bdabf]: BUSY {"metadata":{"emulator":{"name":"functions"},"message":"[worker-us-central1-api-5cf4b64c-6701-437d-a7eb-706e184bdabf]: BUSY"}}
[info] i  functions: Beginning execution of "api" {"metadata":{"emulator":{"name":"functions"},"function":{"name":"us-central1-api"},"extension":{},"message":"Beginning execution of \"api\""}}
[info] >  Payment req received 9179800 {"user":"Payment req received 9179800","metadata":{"emulator":{"name":"functions"},"function":{"name":"us-central1-api"},"extension":{},"message":"\u001b[90m> \u001b[39m Payment req received 9179800"}}
[debug] [2023-01-03T09:50:21.531Z] [worker-us-central1-api-3ac5ff29-66db-4715-849d-d153bba6693e]: IDLE {"metadata":{"emulator":{"name":"functions"},"message":"[worker-us-central1-api-3ac5ff29-66db-4715-849d-d153bba6693e]: IDLE"}}
[debug] [2023-01-03T09:50:21.531Z] [work-queue] {"queuedWork":[],"queueLength":0,"runningWork":["/clone-eb6e7/us-central1/api/payments/create-2023-01-03T09:50:17.829Z"],"workRunningCount":1}
[info] i  functions: Finished "api" in 859.3835ms {"metadata":{"emulator":{"name":"functions"},"function":{"name":"us-central1-api"},"extension":{},"message":"Finished \"api\" in 859.3835ms"}}
[debug] [2023-01-03T09:50:22.048Z] [worker-us-central1-api-5cf4b64c-6701-437d-a7eb-706e184bdabf]: IDLE {"metadata":{"emulator":{"name":"functions"},"message":"[worker-us-central1-api-5cf4b64c-6701-437d-a7eb-706e184bdabf]: IDLE"}}
[debug] [2023-01-03T09:50:22.049Z] [work-queue] {"queuedWork":[],"queueLength":0,"runningWork":[],"workRunningCount":0}
[info] i  functions: Finished "api" in 1369.4974ms {"metadata":{"emulator":{"name":"functions"},"function":{"name":"us-central1-api"},"extension":{},"message":"Finished \"api\" in 1369.4974ms"}}
[debug] [2023-01-03T09:50:22.185Z] [work-queue] {"queuedWork":["/clone-eb6e7/us-central1/api/payments/create-2023-01-03T09:50:22.185Z"],"queueLength":1,"runningWork":[],"workRunningCount":0}
[debug] [2023-01-03T09:50:22.186Z] [work-queue] {"queuedWork":[],"queueLength":0,"runningWork":["/clone-eb6e7/us-central1/api/payments/create-2023-01-03T09:50:22.185Z"],"workRunningCount":1}
[debug] [2023-01-03T09:50:22.186Z] Accepted request POST /clone-eb6e7/us-central1/api/payments/create?total=8999900 --> us-central1-api
[debug] [2023-01-03T09:50:22.190Z] [functions] Runtime ready! Sending request! {"metadata":{"emulator":{"name":"functions"},"message":"[functions] Runtime ready! Sending request!"}}
[debug] [2023-01-03T09:50:22.190Z] [functions] Got req.url=/clone-eb6e7/us-central1/api/payments/create?total=8999900, mapping to path=/payments/create?total=8999900 {"metadata":{"emulator":{"name":"functions"},"message":"[functions] Got req.url=/clone-eb6e7/us-central1/api/payments/create?total=8999900, mapping to path=/payments/create?total=8999900"}}
[debug] [2023-01-03T09:50:22.192Z] [worker-pool] submitRequest(triggerId=us-central1-api) {"metadata":{"emulator":{"name":"functions"},"message":"[worker-pool] submitRequest(triggerId=us-central1-api)"}}
[debug] [2023-01-03T09:50:22.192Z] [worker-us-central1-api-3ac5ff29-66db-4715-849d-d153bba6693e]: BUSY {"metadata":{"emulator":{"name":"functions"},"message":"[worker-us-central1-api-3ac5ff29-66db-4715-849d-d153bba6693e]: BUSY"}}
[info] i  functions: Beginning execution of "api" {"metadata":{"emulator":{"name":"functions"},"function":{"name":"us-central1-api"},"extension":{},"message":"Beginning execution of \"api\""}}
[info] >  Payment req received 8999900 {"user":"Payment req received 8999900","metadata":{"emulator":{"name":"functions"},"function":{"name":"us-central1-api"},"extension":{},"message":"\u001b[90m> \u001b[39m Payment req received 8999900"}}
[debug] [2023-01-03T09:50:22.550Z] [worker-us-central1-api-3ac5ff29-66db-4715-849d-d153bba6693e]: IDLE {"metadata":{"emulator":{"name":"functions"},"message":"[worker-us-central1-api-3ac5ff29-66db-4715-849d-d153bba6693e]: IDLE"}}
[debug] [2023-01-03T09:50:22.550Z] [work-queue] {"queuedWork":[],"queueLength":0,"runningWork":[],"workRunningCount":0}
[info] i  functions: Finished "api" in 353.3289ms {"metadata":{"emulator":{"name":"functions"},"function":{"name":"us-central1-api"},"extension":{},"message":"Finished \"api\" in 353.3289ms"}}
[debug] [2023-01-03T09:50:23.408Z] [work-queue] {"queuedWork":["/clone-eb6e7/us-central1/api/payments/create-2023-01-03T09:50:23.408Z"],"queueLength":1,"runningWork":[],"workRunningCount":0}
[debug] [2023-01-03T09:50:23.409Z] [work-queue] {"queuedWork":[],"queueLength":0,"runningWork":["/clone-eb6e7/us-central1/api/payments/create-2023-01-03T09:50:23.408Z"],"workRunningCount":1}
[debug] [2023-01-03T09:50:23.409Z] Accepted request POST /clone-eb6e7/us-central1/api/payments/create?total=0 --> us-central1-api
[debug] [2023-01-03T09:50:23.413Z] [functions] Runtime ready! Sending request! {"metadata":{"emulator":{"name":"functions"},"message":"[functions] Runtime ready! Sending request!"}}
[debug] [2023-01-03T09:50:23.414Z] [functions] Got req.url=/clone-eb6e7/us-central1/api/payments/create?total=0, mapping to path=/payments/create?total=0 {"metadata":{"emulator":{"name":"functions"},"message":"[functions] Got req.url=/clone-eb6e7/us-central1/api/payments/create?total=0, mapping to path=/payments/create?total=0"}}
[debug] [2023-01-03T09:50:23.415Z] [worker-pool] submitRequest(triggerId=us-central1-api) {"metadata":{"emulator":{"name":"functions"},"message":"[worker-pool] submitRequest(triggerId=us-central1-api)"}}
[debug] [2023-01-03T09:50:23.415Z] [worker-us-central1-api-3ac5ff29-66db-4715-849d-d153bba6693e]: BUSY {"metadata":{"emulator":{"name":"functions"},"message":"[worker-us-central1-api-3ac5ff29-66db-4715-849d-d153bba6693e]: BUSY"}}
[info] i  functions: Beginning execution of "api" {"metadata":{"emulator":{"name":"functions"},"function":{"name":"us-central1-api"},"extension":{},"message":"Beginning execution of \"api\""}}
[info] >  Payment req received 0 {"user":"Payment req received 0","metadata":{"emulator":{"name":"functions"},"function":{"name":"us-central1-api"},"extension":{},"message":"\u001b[90m> \u001b[39m Payment req received 0"}}
[info] >  C:\Users\paliw\OneDrive\Desktop\amaz-clone-copy\functions\node_modules\stripe\lib\Error.js:38 {"user":"C:\\Users\\paliw\\OneDrive\\Desktop\\amaz-clone-copy\\functions\\node_modules\\stripe\\lib\\Error.js:38\r","metadata":{"emulator":{"name":"functions"},"function":{"name":"us-central1-api"},"extension":{},"message":"\u001b[90m> \u001b[39m C:\\Users\\paliw\\OneDrive\\Desktop\\amaz-clone-copy\\functions\\node_modules\\stripe\\lib\\Error.js:38\r"}}
[info] >          return new StripeInvalidRequestError(rawStripeError); {"user":"        return new StripeInvalidRequestError(rawStripeError);\r","metadata":{"emulator":{"name":"functions"},"function":{"name":"us-central1-api"},"extension":{},"message":"\u001b[90m> \u001b[39m         return new StripeInvalidRequestError(rawStripeError);\r"}}
[info] >                 ^ {"user":"               ^\r","metadata":{"emulator":{"name":"functions"},"function":{"name":"us-central1-api"},"extension":{},"message":"\u001b[90m> \u001b[39m                ^\r"}}
[info] >   {"user":"\r","metadata":{"emulator":{"name":"functions"},"function":{"name":"us-central1-api"},"extension":{},"message":"\u001b[90m> \u001b[39m \r"}}
[info] >  StripeInvalidRequestError: This value must be greater than or equal to 1. {"user":"StripeInvalidRequestError: This value must be greater than or equal to 1.\r","metadata":{"emulator":{"name":"functions"},"function":{"name":"us-central1-api"},"extension":{},"message":"\u001b[90m> \u001b[39m StripeInvalidRequestError: This value must be greater than or equal to 1.\r"}}
[info] >      at Function.generate (C:\Users\paliw\OneDrive\Desktop\amaz-clone-copy\functions\node_modules\stripe\lib\Error.js:38:16) {"user":"    at Function.generate (C:\\Users\\paliw\\OneDrive\\Desktop\\amaz-clone-copy\\functions\\node_modules\\stripe\\lib\\Error.js:38:16)\r","metadata":{"emulator":{"name":"functions"},"function":{"name":"us-central1-api"},"extension":{},"message":"\u001b[90m> \u001b[39m     at Function.generate (C:\\Users\\paliw\\OneDrive\\Desktop\\amaz-clone-copy\\functions\\node_modules\\stripe\\lib\\Error.js:38:16)\r"}}
[info] >      at res.toJSON.then.StripeAPIError.message (C:\Users\paliw\OneDrive\Desktop\amaz-clone-copy\functions\node_modules\stripe\lib\StripeResource.js:190:35) {"user":"    at res.toJSON.then.StripeAPIError.message (C:\\Users\\paliw\\OneDrive\\Desktop\\amaz-clone-copy\\functions\\node_modules\\stripe\\lib\\StripeResource.js:190:35)\r","metadata":{"emulator":{"name":"functions"},"function":{"name":"us-central1-api"},"extension":{},"message":"\u001b[90m> \u001b[39m     at res.toJSON.then.StripeAPIError.message (C:\\Users\\paliw\\OneDrive\\Desktop\\amaz-clone-copy\\functions\\node_modules\\stripe\\lib\\StripeResource.js:190:35)\r"}}
[info] >      at processTicksAndRejections (node:internal/process/task_queues:96:5) { {"user":"    at processTicksAndRejections (node:internal/process/task_queues:96:5) {\r","metadata":{"emulator":{"name":"functions"},"function":{"name":"us-central1-api"},"extension":{},"message":"\u001b[90m> \u001b[39m     at processTicksAndRejections (node:internal/process/task_queues:96:5) {\r"}}
[info] >    type: 'StripeInvalidRequestError', {"user":"  type: 'StripeInvalidRequestError',\r","metadata":{"emulator":{"name":"functions"},"function":{"name":"us-central1-api"},"extension":{},"message":"\u001b[90m> \u001b[39m   type: 'StripeInvalidRequestError',\r"}}
[info] >    raw: { {"user":"  raw: {\r","metadata":{"emulator":{"name":"functions"},"function":{"name":"us-central1-api"},"extension":{},"message":"\u001b[90m> \u001b[39m   raw: {\r"}}
[info] >      code: 'parameter_invalid_integer', {"user":"    code: 'parameter_invalid_integer',\r","metadata":{"emulator":{"name":"functions"},"function":{"name":"us-central1-api"},"extension":{},"message":"\u001b[90m> \u001b[39m     code: 'parameter_invalid_integer',\r"}}
[info] >      doc_url: 'https://stripe.com/docs/error-codes/parameter-invalid-integer', {"user":"    doc_url: 'https://stripe.com/docs/error-codes/parameter-invalid-integer',\r","metadata":{"emulator":{"name":"functions"},"function":{"name":"us-central1-api"},"extension":{},"message":"\u001b[90m> \u001b[39m     doc_url: 'https://stripe.com/docs/error-codes/parameter-invalid-integer',\r"}}
[info] >      message: 'This value must be greater than or equal to 1.', {"user":"    message: 'This value must be greater than or equal to 1.',\r","metadata":{"emulator":{"name":"functions"},"function":{"name":"us-central1-api"},"extension":{},"message":"\u001b[90m> \u001b[39m     message: 'This value must be greater than or equal to 1.',\r"}}
[info] >      param: 'amount', {"user":"    param: 'amount',\r","metadata":{"emulator":{"name":"functions"},"function":{"name":"us-central1-api"},"extension":{},"message":"\u001b[90m> \u001b[39m     param: 'amount',\r"}}
[info] >      request_log_url: 'https://dashboard.stripe.com/test/logs/req_pBbvrvFyfxJzHZ?t=1672739421', {"user":"    request_log_url: 'https://dashboard.stripe.com/test/logs/req_pBbvrvFyfxJzHZ?t=1672739421',\r","metadata":{"emulator":{"name":"functions"},"function":{"name":"us-central1-api"},"extension":{},"message":"\u001b[90m> \u001b[39m     request_log_url: 'https://dashboard.stripe.com/test/logs/req_pBbvrvFyfxJzHZ?t=1672739421',\r"}}
[info] >      type: 'invalid_request_error', {"user":"    type: 'invalid_request_error',\r","metadata":{"emulator":{"name":"functions"},"function":{"name":"us-central1-api"},"extension":{},"message":"\u001b[90m> \u001b[39m     type: 'invalid_request_error',\r"}}
[info] >      headers: { {"user":"    headers: {\r","metadata":{"emulator":{"name":"functions"},"function":{"name":"us-central1-api"},"extension":{},"message":"\u001b[90m> \u001b[39m     headers: {\r"}}
[info] >        server: 'nginx', {"user":"      server: 'nginx',\r","metadata":{"emulator":{"name":"functions"},"function":{"name":"us-central1-api"},"extension":{},"message":"\u001b[90m> \u001b[39m       server: 'nginx',\r"}}
[info] >        date: 'Tue, 03 Jan 2023 09:50:21 GMT', {"user":"      date: 'Tue, 03 Jan 2023 09:50:21 GMT',\r","metadata":{"emulator":{"name":"functions"},"function":{"name":"us-central1-api"},"extension":{},"message":"\u001b[90m> \u001b[39m       date: 'Tue, 03 Jan 2023 09:50:21 GMT',\r"}}
[info] >        'content-type': 'application/json', {"user":"      'content-type': 'application/json',\r","metadata":{"emulator":{"name":"functions"},"function":{"name":"us-central1-api"},"extension":{},"message":"\u001b[90m> \u001b[39m       'content-type': 'application/json',\r"}}
[info] >        'content-length': '363', {"user":"      'content-length': '363',\r","metadata":{"emulator":{"name":"functions"},"function":{"name":"us-central1-api"},"extension":{},"message":"\u001b[90m> \u001b[39m       'content-length': '363',\r"}}
[info] >        connection: 'keep-alive', {"user":"      connection: 'keep-alive',\r","metadata":{"emulator":{"name":"functions"},"function":{"name":"us-central1-api"},"extension":{},"message":"\u001b[90m> \u001b[39m       connection: 'keep-alive',\r"}}
[info] >        'access-control-allow-credentials': 'true', {"user":"      'access-control-allow-credentials': 'true',\r","metadata":{"emulator":{"name":"functions"},"function":{"name":"us-central1-api"},"extension":{},"message":"\u001b[90m> \u001b[39m       'access-control-allow-credentials': 'true',\r"}}
[info] >        'access-control-allow-methods': 'GET, POST, HEAD, OPTIONS, DELETE', {"user":"      'access-control-allow-methods': 'GET, POST, HEAD, OPTIONS, DELETE',\r","metadata":{"emulator":{"name":"functions"},"function":{"name":"us-central1-api"},"extension":{},"message":"\u001b[90m> \u001b[39m       'access-control-allow-methods': 'GET, POST, HEAD, OPTIONS, DELETE',\r"}}
[info] >        'access-control-allow-origin': '*', {"user":"      'access-control-allow-origin': '*',\r","metadata":{"emulator":{"name":"functions"},"function":{"name":"us-central1-api"},"extension":{},"message":"\u001b[90m> \u001b[39m       'access-control-allow-origin': '*',\r"}}
[info] >        'access-control-expose-headers': 'Request-Id, Stripe-Manage-Version, X-Stripe-External-Auth-Required, X-Stripe-Privileged-Session-Required', {"user":"      'access-control-expose-headers': 'Request-Id, Stripe-Manage-Version, X-Stripe-External-Auth-Required, X-Stripe-Privileged-Session-Required',\r","metadata":{"emulator":{"name":"functions"},"function":{"name":"us-central1-api"},"extension":{},"message":"\u001b[90m> \u001b[39m       'access-control-expose-headers': 'Request-Id, Stripe-Manage-Version, X-Stripe-External-Auth-Required, X-Stripe-Privileged-Session-Required',\r"}}
[info] >        'access-control-max-age': '300', {"user":"      'access-control-max-age': '300',\r","metadata":{"emulator":{"name":"functions"},"function":{"name":"us-central1-api"},"extension":{},"message":"\u001b[90m> \u001b[39m       'access-control-max-age': '300',\r"}}
[info] >        'cache-control': 'no-cache, no-store', {"user":"      'cache-control': 'no-cache, no-store',\r","metadata":{"emulator":{"name":"functions"},"function":{"name":"us-central1-api"},"extension":{},"message":"\u001b[90m> \u001b[39m       'cache-control': 'no-cache, no-store',\r"}}
[info] >        'idempotency-key': '0e1b5950-e3e3-4283-92e3-49fed7ebd3f9', {"user":"      'idempotency-key': '0e1b5950-e3e3-4283-92e3-49fed7ebd3f9',\r","metadata":{"emulator":{"name":"functions"},"function":{"name":"us-central1-api"},"extension":{},"message":"\u001b[90m> \u001b[39m       'idempotency-key': '0e1b5950-e3e3-4283-92e3-49fed7ebd3f9',\r"}}
[info] >        'original-request': 'req_pBbvrvFyfxJzHZ', {"user":"      'original-request': 'req_pBbvrvFyfxJzHZ',\r","metadata":{"emulator":{"name":"functions"},"function":{"name":"us-central1-api"},"extension":{},"message":"\u001b[90m> \u001b[39m       'original-request': 'req_pBbvrvFyfxJzHZ',\r"}}
[info] >        'request-id': 'req_pBbvrvFyfxJzHZ', {"user":"      'request-id': 'req_pBbvrvFyfxJzHZ',\r","metadata":{"emulator":{"name":"functions"},"function":{"name":"us-central1-api"},"extension":{},"message":"\u001b[90m> \u001b[39m       'request-id': 'req_pBbvrvFyfxJzHZ',\r"}}
[info] >        'stripe-version': '2022-11-15', {"user":"      'stripe-version': '2022-11-15',\r","metadata":{"emulator":{"name":"functions"},"function":{"name":"us-central1-api"},"extension":{},"message":"\u001b[90m> \u001b[39m       'stripe-version': '2022-11-15',\r"}}
[info] >        'strict-transport-security': 'max-age=63072000; includeSubDomains; preload' {"user":"      'strict-transport-security': 'max-age=63072000; includeSubDomains; preload'\r","metadata":{"emulator":{"name":"functions"},"function":{"name":"us-central1-api"},"extension":{},"message":"\u001b[90m> \u001b[39m       'strict-transport-security': 'max-age=63072000; includeSubDomains; preload'\r"}}
[info] >      }, {"user":"    },\r","metadata":{"emulator":{"name":"functions"},"function":{"name":"us-central1-api"},"extension":{},"message":"\u001b[90m> \u001b[39m     },\r"}}
[info] >      statusCode: 400, {"user":"    statusCode: 400,\r","metadata":{"emulator":{"name":"functions"},"function":{"name":"us-central1-api"},"extension":{},"message":"\u001b[90m> \u001b[39m     statusCode: 400,\r"}}
[info] >      requestId: 'req_pBbvrvFyfxJzHZ' {"user":"    requestId: 'req_pBbvrvFyfxJzHZ'\r","metadata":{"emulator":{"name":"functions"},"function":{"name":"us-central1-api"},"extension":{},"message":"\u001b[90m> \u001b[39m     requestId: 'req_pBbvrvFyfxJzHZ'\r"}}
[info] >    }, {"user":"  },\r","metadata":{"emulator":{"name":"functions"},"function":{"name":"us-central1-api"},"extension":{},"message":"\u001b[90m> \u001b[39m   },\r"}}
[info] >    rawType: 'invalid_request_error', {"user":"  rawType: 'invalid_request_error',\r","metadata":{"emulator":{"name":"functions"},"function":{"name":"us-central1-api"},"extension":{},"message":"\u001b[90m> \u001b[39m   rawType: 'invalid_request_error',\r"}}
[info] >    code: 'parameter_invalid_integer', {"user":"  code: 'parameter_invalid_integer',\r","metadata":{"emulator":{"name":"functions"},"function":{"name":"us-central1-api"},"extension":{},"message":"\u001b[90m> \u001b[39m   code: 'parameter_invalid_integer',\r"}}
[info] >    doc_url: 'https://stripe.com/docs/error-codes/parameter-invalid-integer', {"user":"  doc_url: 'https://stripe.com/docs/error-codes/parameter-invalid-integer',\r","metadata":{"emulator":{"name":"functions"},"function":{"name":"us-central1-api"},"extension":{},"message":"\u001b[90m> \u001b[39m   doc_url: 'https://stripe.com/docs/error-codes/parameter-invalid-integer',\r"}}
[info] >    param: 'amount', {"user":"  param: 'amount',\r","metadata":{"emulator":{"name":"functions"},"function":{"name":"us-central1-api"},"extension":{},"message":"\u001b[90m> \u001b[39m   param: 'amount',\r"}}
[info] >    detail: undefined, {"user":"  detail: undefined,\r","metadata":{"emulator":{"name":"functions"},"function":{"name":"us-central1-api"},"extension":{},"message":"\u001b[90m> \u001b[39m   detail: undefined,\r"}}
[info] >    headers: { {"user":"  headers: {\r","metadata":{"emulator":{"name":"functions"},"function":{"name":"us-central1-api"},"extension":{},"message":"\u001b[90m> \u001b[39m   headers: {\r"}}
[info] >      server: 'nginx', {"user":"    server: 'nginx',\r","metadata":{"emulator":{"name":"functions"},"function":{"name":"us-central1-api"},"extension":{},"message":"\u001b[90m> \u001b[39m     server: 'nginx',\r"}}
[info] >      date: 'Tue, 03 Jan 2023 09:50:21 GMT', {"user":"    date: 'Tue, 03 Jan 2023 09:50:21 GMT',\r","metadata":{"emulator":{"name":"functions"},"function":{"name":"us-central1-api"},"extension":{},"message":"\u001b[90m> \u001b[39m     date: 'Tue, 03 Jan 2023 09:50:21 GMT',\r"}}
[info] >      'content-type': 'application/json', {"user":"    'content-type': 'application/json',\r","metadata":{"emulator":{"name":"functions"},"function":{"name":"us-central1-api"},"extension":{},"message":"\u001b[90m> \u001b[39m     'content-type': 'application/json',\r"}}
[info] >      'content-length': '363', {"user":"    'content-length': '363',\r","metadata":{"emulator":{"name":"functions"},"function":{"name":"us-central1-api"},"extension":{},"message":"\u001b[90m> \u001b[39m     'content-length': '363',\r"}}
[info] >      connection: 'keep-alive', {"user":"    connection: 'keep-alive',\r","metadata":{"emulator":{"name":"functions"},"function":{"name":"us-central1-api"},"extension":{},"message":"\u001b[90m> \u001b[39m     connection: 'keep-alive',\r"}}
[info] >      'access-control-allow-credentials': 'true', {"user":"    'access-control-allow-credentials': 'true',\r","metadata":{"emulator":{"name":"functions"},"function":{"name":"us-central1-api"},"extension":{},"message":"\u001b[90m> \u001b[39m     'access-control-allow-credentials': 'true',\r"}}
[info] >      'access-control-allow-methods': 'GET, POST, HEAD, OPTIONS, DELETE', {"user":"    'access-control-allow-methods': 'GET, POST, HEAD, OPTIONS, DELETE',\r","metadata":{"emulator":{"name":"functions"},"function":{"name":"us-central1-api"},"extension":{},"message":"\u001b[90m> \u001b[39m     'access-control-allow-methods': 'GET, POST, HEAD, OPTIONS, DELETE',\r"}}
[info] >      'access-control-allow-origin': '*', {"user":"    'access-control-allow-origin': '*',\r","metadata":{"emulator":{"name":"functions"},"function":{"name":"us-central1-api"},"extension":{},"message":"\u001b[90m> \u001b[39m     'access-control-allow-origin': '*',\r"}}
[info] >      'access-control-expose-headers': 'Request-Id, Stripe-Manage-Version, X-Stripe-External-Auth-Required, X-Stripe-Privileged-Session-Required', {"user":"    'access-control-expose-headers': 'Request-Id, Stripe-Manage-Version, X-Stripe-External-Auth-Required, X-Stripe-Privileged-Session-Required',\r","metadata":{"emulator":{"name":"functions"},"function":{"name":"us-central1-api"},"extension":{},"message":"\u001b[90m> \u001b[39m     'access-control-expose-headers': 'Request-Id, Stripe-Manage-Version, X-Stripe-External-Auth-Required, X-Stripe-Privileged-Session-Required',\r"}}
[info] >      'access-control-max-age': '300', {"user":"    'access-control-max-age': '300',\r","metadata":{"emulator":{"name":"functions"},"function":{"name":"us-central1-api"},"extension":{},"message":"\u001b[90m> \u001b[39m     'access-control-max-age': '300',\r"}}
[info] >      'cache-control': 'no-cache, no-store', {"user":"    'cache-control': 'no-cache, no-store',\r","metadata":{"emulator":{"name":"functions"},"function":{"name":"us-central1-api"},"extension":{},"message":"\u001b[90m> \u001b[39m     'cache-control': 'no-cache, no-store',\r"}}
[info] >      'idempotency-key': '0e1b5950-e3e3-4283-92e3-49fed7ebd3f9', {"user":"    'idempotency-key': '0e1b5950-e3e3-4283-92e3-49fed7ebd3f9',\r","metadata":{"emulator":{"name":"functions"},"function":{"name":"us-central1-api"},"extension":{},"message":"\u001b[90m> \u001b[39m     'idempotency-key': '0e1b5950-e3e3-4283-92e3-49fed7ebd3f9',\r"}}
[info] >      'original-request': 'req_pBbvrvFyfxJzHZ', {"user":"    'original-request': 'req_pBbvrvFyfxJzHZ',\r","metadata":{"emulator":{"name":"functions"},"function":{"name":"us-central1-api"},"extension":{},"message":"\u001b[90m> \u001b[39m     'original-request': 'req_pBbvrvFyfxJzHZ',\r"}}
[info] >      'request-id': 'req_pBbvrvFyfxJzHZ', {"user":"    'request-id': 'req_pBbvrvFyfxJzHZ',\r","metadata":{"emulator":{"name":"functions"},"function":{"name":"us-central1-api"},"extension":{},"message":"\u001b[90m> \u001b[39m     'request-id': 'req_pBbvrvFyfxJzHZ',\r"}}
[info] >      'stripe-version': '2022-11-15', {"user":"    'stripe-version': '2022-11-15',\r","metadata":{"emulator":{"name":"functions"},"function":{"name":"us-central1-api"},"extension":{},"message":"\u001b[90m> \u001b[39m     'stripe-version': '2022-11-15',\r"}}
[info] >      'strict-transport-security': 'max-age=63072000; includeSubDomains; preload' {"user":"    'strict-transport-security': 'max-age=63072000; includeSubDomains; preload'\r","metadata":{"emulator":{"name":"functions"},"function":{"name":"us-central1-api"},"extension":{},"message":"\u001b[90m> \u001b[39m     'strict-transport-security': 'max-age=63072000; includeSubDomains; preload'\r"}}
[info] >    }, {"user":"  },\r","metadata":{"emulator":{"name":"functions"},"function":{"name":"us-central1-api"},"extension":{},"message":"\u001b[90m> \u001b[39m   },\r"}}
[info] >    requestId: 'req_pBbvrvFyfxJzHZ', {"user":"  requestId: 'req_pBbvrvFyfxJzHZ',\r","metadata":{"emulator":{"name":"functions"},"function":{"name":"us-central1-api"},"extension":{},"message":"\u001b[90m> \u001b[39m   requestId: 'req_pBbvrvFyfxJzHZ',\r"}}
[info] >    statusCode: 400, {"user":"  statusCode: 400,\r","metadata":{"emulator":{"name":"functions"},"function":{"name":"us-central1-api"},"extension":{},"message":"\u001b[90m> \u001b[39m   statusCode: 400,\r"}}
[info] >    charge: undefined, {"user":"  charge: undefined,\r","metadata":{"emulator":{"name":"functions"},"function":{"name":"us-central1-api"},"extension":{},"message":"\u001b[90m> \u001b[39m   charge: undefined,\r"}}
[info] >    decline_code: undefined, {"user":"  decline_code: undefined,\r","metadata":{"emulator":{"name":"functions"},"function":{"name":"us-central1-api"},"extension":{},"message":"\u001b[90m> \u001b[39m   decline_code: undefined,\r"}}
[info] >    payment_intent: undefined, {"user":"  payment_intent: undefined,\r","metadata":{"emulator":{"name":"functions"},"function":{"name":"us-central1-api"},"extension":{},"message":"\u001b[90m> \u001b[39m   payment_intent: undefined,\r"}}
[info] >    payment_method: undefined, {"user":"  payment_method: undefined,\r","metadata":{"emulator":{"name":"functions"},"function":{"name":"us-central1-api"},"extension":{},"message":"\u001b[90m> \u001b[39m   payment_method: undefined,\r"}}
[info] >    payment_method_type: undefined, {"user":"  payment_method_type: undefined,\r","metadata":{"emulator":{"name":"functions"},"function":{"name":"us-central1-api"},"extension":{},"message":"\u001b[90m> \u001b[39m   payment_method_type: undefined,\r"}}
[info] >    setup_intent: undefined, {"user":"  setup_intent: undefined,\r","metadata":{"emulator":{"name":"functions"},"function":{"name":"us-central1-api"},"extension":{},"message":"\u001b[90m> \u001b[39m   setup_intent: undefined,\r"}}
[info] >    source: undefined {"user":"  source: undefined\r","metadata":{"emulator":{"name":"functions"},"function":{"name":"us-central1-api"},"extension":{},"message":"\u001b[90m> \u001b[39m   source: undefined\r"}}
[info] >  } {"user":"}\r","metadata":{"emulator":{"name":"functions"},"function":{"name":"us-central1-api"},"extension":{},"message":"\u001b[90m> \u001b[39m }\r"}}
[debug] [2023-01-03T09:50:23.652Z] [work-queue] {"queuedWork":[],"queueLength":0,"runningWork":[],"workRunningCount":0}
[debug] [2023-01-03T09:50:23.653Z] [worker-us-central1-api-3ac5ff29-66db-4715-849d-d153bba6693e]: exited {"metadata":{"emulator":{"name":"functions"},"message":"[worker-us-central1-api-3ac5ff29-66db-4715-849d-d153bba6693e]: exited"}}
[debug] [2023-01-03T09:50:23.653Z] [worker-us-central1-api-3ac5ff29-66db-4715-849d-d153bba6693e]: FINISHED {"metadata":{"emulator":{"name":"functions"},"message":"[worker-us-central1-api-3ac5ff29-66db-4715-849d-d153bba6693e]: FINISHED"}}
