[debug] [2023-01-02T14:53:15.604Z] ----------------------------------------------------------------------
[debug] [2023-01-02T14:53:15.607Z] Command:       C:\Program Files\nodejs\node.exe C:\Users\paliw\AppData\Roaming\npm\node_modules\firebase-tools\lib\bin\firebase.js emulators:start
[debug] [2023-01-02T14:53:15.608Z] CLI Version:   11.19.0
[debug] [2023-01-02T14:53:15.608Z] Platform:      win32
[debug] [2023-01-02T14:53:15.608Z] Node Version:  v16.14.2
[debug] [2023-01-02T14:53:15.614Z] Time:          Mon Jan 02 2023 20:23:15 GMT+0530 (India Standard Time)
[debug] [2023-01-02T14:53:15.614Z] ----------------------------------------------------------------------
[debug] 
[debug] [2023-01-02T14:53:15.619Z] >>> [apiv2][query] GET https://firebase-public.firebaseio.com/cli.json [none]
[debug] [2023-01-02T14:53:15.725Z] > command requires scopes: ["email","openid","https://www.googleapis.com/auth/cloudplatformprojects.readonly","https://www.googleapis.com/auth/firebase","https://www.googleapis.com/auth/cloud-platform"]
[debug] [2023-01-02T14:53:15.726Z] > authorizing via signed-in user (yashaswipaliwal@gmail.com)
[info] i  emulators: Starting emulators: functions {"metadata":{"emulator":{"name":"hub"},"message":"Starting emulators: functions"}}
[debug] [2023-01-02T14:53:15.741Z] [logging] Logging Emulator only supports listening on one address (127.0.0.1). Not listening on ::1
[debug] [2023-01-02T14:53:15.742Z] assigned listening specs for emulators {"user":{"hub":[{"address":"127.0.0.1","family":"IPv4","port":4400},{"address":"::1","family":"IPv6","port":4400}],"ui":[{"address":"127.0.0.1","family":"IPv4","port":4000},{"address":"::1","family":"IPv6","port":4000}],"logging":[{"address":"127.0.0.1","family":"IPv4","port":4500}]},"metadata":{"message":"assigned listening specs for emulators"}}
[debug] [2023-01-02T14:53:15.753Z] [hub] writing locator at C:\Users\paliw\AppData\Local\Temp\hub-clone-eb6e7.json
[debug] [2023-01-02T14:53:15.798Z] [functions] Functions Emulator only supports listening on one address (127.0.0.1). Not listening on ::1
[debug] [2023-01-02T14:53:15.798Z] [eventarc] Eventarc Emulator only supports listening on one address (127.0.0.1). Not listening on ::1
[debug] [2023-01-02T14:53:15.798Z] late-assigned ports for functions and eventarc emulators {"user":{"hub":[{"address":"127.0.0.1","family":"IPv4","port":4400},{"address":"::1","family":"IPv6","port":4400}],"ui":[{"address":"127.0.0.1","family":"IPv4","port":4000},{"address":"::1","family":"IPv6","port":4000}],"logging":[{"address":"127.0.0.1","family":"IPv4","port":4500}],"functions":[{"address":"127.0.0.1","family":"IPv4","port":5001}],"eventarc":[{"address":"127.0.0.1","family":"IPv4","port":9299}]},"metadata":{"message":"late-assigned ports for functions and eventarc emulators"}}
[warn] !  functions: The following emulators are not running, calls to these services from the Functions emulator will affect production: auth, firestore, database, hosting, pubsub, storage {"metadata":{"emulator":{"name":"functions"},"message":"The following emulators are not running, calls to these services from the Functions emulator will affect production: \u001b[1mauth, firestore, database, hosting, pubsub, storage\u001b[22m"}}
[info] +  functions: Using node@16 from host. {"metadata":{"emulator":{"name":"functions"},"message":"Using node@16 from host."}}
[debug] [2023-01-02T14:53:15.840Z] defaultcredentials: writing to file C:\Users\paliw\AppData\Roaming\firebase\yashaswipaliwal_gmail_com_application_default_credentials.json
[debug] [2023-01-02T14:53:15.846Z] Setting GAC to C:\Users\paliw\AppData\Roaming\firebase\yashaswipaliwal_gmail_com_application_default_credentials.json {"metadata":{"emulator":{"name":"functions"},"message":"Setting GAC to C:\\Users\\paliw\\AppData\\Roaming\\firebase\\yashaswipaliwal_gmail_com_application_default_credentials.json"}}
[debug] [2023-01-02T14:53:15.847Z] > refreshing access token with scopes: []
[debug] [2023-01-02T14:53:15.848Z] >>> [apiv2][query] POST https://www.googleapis.com/oauth2/v3/token [none]
[debug] [2023-01-02T14:53:15.848Z] >>> [apiv2][body] POST https://www.googleapis.com/oauth2/v3/token [omitted]
[debug] [2023-01-02T14:53:16.322Z] <<< [apiv2][status] POST https://www.googleapis.com/oauth2/v3/token 200
[debug] [2023-01-02T14:53:16.322Z] <<< [apiv2][body] POST https://www.googleapis.com/oauth2/v3/token [omitted]
[debug] [2023-01-02T14:53:16.333Z] >>> [apiv2][query] GET https://firebase.googleapis.com/v1beta1/projects/clone-eb6e7/adminSdkConfig [none]
[debug] [2023-01-02T14:53:16.497Z] <<< [apiv2][status] GET https://firebase-public.firebaseio.com/cli.json 200
[debug] [2023-01-02T14:53:16.497Z] <<< [apiv2][body] GET https://firebase-public.firebaseio.com/cli.json {"cloudBuildErrorAfter":1594252800000,"cloudBuildWarnAfter":1590019200000,"defaultNode10After":1594252800000,"minVersion":"3.0.5","node8DeploysDisabledAfter":1613390400000,"node8RuntimeDisabledAfter":1615809600000,"node8WarnAfter":1600128000000}
[debug] [2023-01-02T14:53:16.930Z] <<< [apiv2][status] GET https://firebase.googleapis.com/v1beta1/projects/clone-eb6e7/adminSdkConfig 200
[debug] [2023-01-02T14:53:16.930Z] <<< [apiv2][body] GET https://firebase.googleapis.com/v1beta1/projects/clone-eb6e7/adminSdkConfig {"projectId":"clone-eb6e7","storageBucket":"clone-eb6e7.appspot.com"}
[debug] [2023-01-02T14:53:16.970Z] Ignoring unsupported arg: auto_download {"metadata":{"emulator":{"name":"ui"},"message":"Ignoring unsupported arg: auto_download"}}
[debug] [2023-01-02T14:53:16.971Z] Ignoring unsupported arg: port {"metadata":{"emulator":{"name":"ui"},"message":"Ignoring unsupported arg: port"}}
[debug] [2023-01-02T14:53:16.971Z] Starting Emulator UI with command {"binary":"node","args":["C:\\Users\\paliw\\.cache\\firebase\\emulators\\ui-v1.11.1\\server\\server.js"],"optionalArgs":[],"joinArgs":false} {"metadata":{"emulator":{"name":"ui"},"message":"Starting Emulator UI with command {\"binary\":\"node\",\"args\":[\"C:\\\\Users\\\\paliw\\\\.cache\\\\firebase\\\\emulators\\\\ui-v1.11.1\\\\server\\\\server.js\"],\"optionalArgs\":[],\"joinArgs\":false}"}}
[info] i  ui: Emulator UI logging to ui-debug.log {"metadata":{"emulator":{"name":"ui"},"message":"Emulator UI logging to \u001b[1mui-debug.log\u001b[22m"}}
[debug] [2023-01-02T14:53:17.334Z] Web / API server started at 127.0.0.1:4000
 {"metadata":{"emulator":{"name":"ui"},"message":"Web / API server started at 127.0.0.1:4000\n"}}
[debug] [2023-01-02T14:53:17.334Z] Web / API server started at ::1:4000
 {"metadata":{"emulator":{"name":"ui"},"message":"Web / API server started at ::1:4000\n"}}
[info] i  functions: Watching "C:\Users\paliw\OneDrive\Desktop\amaz-clone-copy\functions" for Cloud Functions... {"metadata":{"emulator":{"name":"functions"},"message":"Watching \"C:\\Users\\paliw\\OneDrive\\Desktop\\amaz-clone-copy\\functions\" for Cloud Functions..."}}
[debug] [2023-01-02T14:53:17.517Z] Validating nodejs source
[debug] [2023-01-02T14:53:19.845Z] > [functions] package.json contents: {
  "name": "functions",
  "description": "Cloud Functions for Firebase",
  "scripts": {
    "lint": "eslint .",
    "serve": "firebase emulators:start --only functions",
    "shell": "firebase functions:shell",
    "start": "npm run shell",
    "deploy": "firebase deploy --only functions",
    "logs": "firebase functions:log"
  },
  "engines": {
    "node": "16"
  },
  "main": "index.js",
  "dependencies": {
    "cors": "~2.8.5",
    "express": "~4.18.2",
    "firebase-admin": "~10.0.2",
    "firebase-functions": "~4.1.1",
    "stripe": "^11.5.0"
  },
  "devDependencies": {
    "eslint": "~8.9.0",
    "eslint-config-google": "~0.14.0",
    "firebase-functions-test": "~0.2.0"
  },
  "private": true
}
[debug] [2023-01-02T14:53:19.846Z] Building nodejs source
[debug] [2023-01-02T14:53:19.848Z] Could not find functions.yaml. Must use http discovery
[debug] [2023-01-02T14:53:20.355Z] Serving at port 9005

[debug] [2023-01-02T14:53:21.149Z] Got response from /__/functions.yaml {"endpoints":{"api":{"platform":"gcfv1","availableMemoryMb":null,"timeoutSeconds":null,"minInstances":null,"maxInstances":null,"ingressSettings":null,"serviceAccountEmail":null,"vpc":null,"httpsTrigger":{},"entryPoint":"api"}},"specVersion":"v1alpha1","requiredAPIs":[]}
[debug] [2023-01-02T14:53:21.159Z] shutdown requested via /__/quitquitquit

[info] +  functions: Loaded functions definitions from source: api. {"metadata":{"emulator":{"name":"functions"},"message":"Loaded functions definitions from source: api."}}
[info] +  functions[us-central1-api]: http function initialized (http://127.0.0.1:5001/clone-eb6e7/us-central1/api). {"metadata":{"emulator":{"name":"functions"},"message":"\u001b[1mhttp\u001b[22m function initialized (http://127.0.0.1:5001/clone-eb6e7/us-central1/api)."}}
[info] 
┌─────────────────────────────────────────────────────────────┐
│ ✔  All emulators ready! It is now safe to connect your app. │
│ i  View Emulator UI at http://127.0.0.1:4000/               │
└─────────────────────────────────────────────────────────────┘

┌───────────┬────────────────┬─────────────────────────────────┐
│ Emulator  │ Host:Port      │ View in Emulator UI             │
├───────────┼────────────────┼─────────────────────────────────┤
│ Functions │ 127.0.0.1:5001 │ http://127.0.0.1:4000/functions │
└───────────┴────────────────┴─────────────────────────────────┘
  Emulator Hub running at 127.0.0.1:4400
  Other reserved ports: 4500

Issues? Report them at https://github.com/firebase/firebase-tools/issues and attach the *-debug.log files.
 
[debug] [2023-01-02T14:54:00.127Z] [work-queue] {"queuedWork":["/clone-eb6e7/us-central1/api-2023-01-02T14:54:00.127Z"],"queueLength":1,"runningWork":[],"workRunningCount":0}
[debug] [2023-01-02T14:54:00.128Z] [work-queue] {"queuedWork":[],"queueLength":0,"runningWork":["/clone-eb6e7/us-central1/api-2023-01-02T14:54:00.127Z"],"workRunningCount":1}
[debug] [2023-01-02T14:54:00.128Z] Accepted request GET /clone-eb6e7/us-central1/api --> us-central1-api
[debug] [2023-01-02T14:54:00.133Z] [functions] Runtime ready! Sending request! {"metadata":{"emulator":{"name":"functions"},"message":"[functions] Runtime ready! Sending request!"}}
[debug] [2023-01-02T14:54:00.134Z] [functions] Got req.url=/clone-eb6e7/us-central1/api, mapping to path=/ {"metadata":{"emulator":{"name":"functions"},"message":"[functions] Got req.url=/clone-eb6e7/us-central1/api, mapping to path=/"}}
[debug] [2023-01-02T14:54:00.436Z] [worker-pool] addWorker(us-central1-api) {"metadata":{"emulator":{"name":"functions"},"message":"[worker-pool] addWorker(us-central1-api)"}}
[debug] [2023-01-02T14:54:00.437Z] [worker-pool] Adding worker with key us-central1-api, total=1 {"metadata":{"emulator":{"name":"functions"},"message":"[worker-pool] Adding worker with key us-central1-api, total=1"}}
[debug] [2023-01-02T14:54:03.052Z] [runtime-status] [94068] Resolved module firebase-admin {"declared":true,"installed":true,"version":"10.0.2","resolution":"C:\\Users\\paliw\\OneDrive\\Desktop\\amaz-clone-copy\\functions\\node_modules\\firebase-admin\\lib\\index.js"} {"metadata":{"emulator":{"name":"functions"},"function":{"name":"us-central1-api"},"extension":{},"message":"[runtime-status] [94068] Resolved module firebase-admin {\"declared\":true,\"installed\":true,\"version\":\"10.0.2\",\"resolution\":\"C:\\\\Users\\\\paliw\\\\OneDrive\\\\Desktop\\\\amaz-clone-copy\\\\functions\\\\node_modules\\\\firebase-admin\\\\lib\\\\index.js\"}"}}
[debug] [2023-01-02T14:54:03.054Z] [runtime-status] [94068] Resolved module firebase-functions {"declared":true,"installed":true,"version":"4.1.1","resolution":"C:\\Users\\paliw\\OneDrive\\Desktop\\amaz-clone-copy\\functions\\node_modules\\firebase-functions\\lib\\v1\\index.js"} {"metadata":{"emulator":{"name":"functions"},"function":{"name":"us-central1-api"},"extension":{},"message":"[runtime-status] [94068] Resolved module firebase-functions {\"declared\":true,\"installed\":true,\"version\":\"4.1.1\",\"resolution\":\"C:\\\\Users\\\\paliw\\\\OneDrive\\\\Desktop\\\\amaz-clone-copy\\\\functions\\\\node_modules\\\\firebase-functions\\\\lib\\\\v1\\\\index.js\"}"}}
[debug] [2023-01-02T14:54:03.055Z] [runtime-status] [94068] Outgoing network have been stubbed. [{"name":"http","status":"mocked"},{"name":"http","status":"mocked"},{"name":"https","status":"mocked"},{"name":"https","status":"mocked"},{"name":"net","status":"mocked"}] {"metadata":{"emulator":{"name":"functions"},"function":{"name":"us-central1-api"},"extension":{},"message":"[runtime-status] [94068] Outgoing network have been stubbed. [{\"name\":\"http\",\"status\":\"mocked\"},{\"name\":\"http\",\"status\":\"mocked\"},{\"name\":\"https\",\"status\":\"mocked\"},{\"name\":\"https\",\"status\":\"mocked\"},{\"name\":\"net\",\"status\":\"mocked\"}]"}}
[debug] [2023-01-02T14:54:03.056Z] [runtime-status] [94068] Resolved module firebase-functions {"declared":true,"installed":true,"version":"4.1.1","resolution":"C:\\Users\\paliw\\OneDrive\\Desktop\\amaz-clone-copy\\functions\\node_modules\\firebase-functions\\lib\\v1\\index.js"} {"metadata":{"emulator":{"name":"functions"},"function":{"name":"us-central1-api"},"extension":{},"message":"[runtime-status] [94068] Resolved module firebase-functions {\"declared\":true,\"installed\":true,\"version\":\"4.1.1\",\"resolution\":\"C:\\\\Users\\\\paliw\\\\OneDrive\\\\Desktop\\\\amaz-clone-copy\\\\functions\\\\node_modules\\\\firebase-functions\\\\lib\\\\v1\\\\index.js\"}"}}
[debug] [2023-01-02T14:54:03.483Z] [runtime-status] [94068] Checked functions.config() {"config":{}} {"metadata":{"emulator":{"name":"functions"},"function":{"name":"us-central1-api"},"extension":{},"message":"[runtime-status] [94068] Checked functions.config() {\"config\":{}}"}}
[debug] [2023-01-02T14:54:03.483Z] [runtime-status] [94068] firebase-functions has been stubbed. {"functionsResolution":{"declared":true,"installed":true,"version":"4.1.1","resolution":"C:\\Users\\paliw\\OneDrive\\Desktop\\amaz-clone-copy\\functions\\node_modules\\firebase-functions\\lib\\v1\\index.js"}} {"metadata":{"emulator":{"name":"functions"},"function":{"name":"us-central1-api"},"extension":{},"message":"[runtime-status] [94068] firebase-functions has been stubbed. {\"functionsResolution\":{\"declared\":true,\"installed\":true,\"version\":\"4.1.1\",\"resolution\":\"C:\\\\Users\\\\paliw\\\\OneDrive\\\\Desktop\\\\amaz-clone-copy\\\\functions\\\\node_modules\\\\firebase-functions\\\\lib\\\\v1\\\\index.js\"}}"}}
[debug] [2023-01-02T14:54:03.484Z] [runtime-status] [94068] Resolved module firebase-functions {"declared":true,"installed":true,"version":"4.1.1","resolution":"C:\\Users\\paliw\\OneDrive\\Desktop\\amaz-clone-copy\\functions\\node_modules\\firebase-functions\\lib\\v1\\index.js"} {"metadata":{"emulator":{"name":"functions"},"function":{"name":"us-central1-api"},"extension":{},"message":"[runtime-status] [94068] Resolved module firebase-functions {\"declared\":true,\"installed\":true,\"version\":\"4.1.1\",\"resolution\":\"C:\\\\Users\\\\paliw\\\\OneDrive\\\\Desktop\\\\amaz-clone-copy\\\\functions\\\\node_modules\\\\firebase-functions\\\\lib\\\\v1\\\\index.js\"}"}}
[debug] [2023-01-02T14:54:03.486Z] [runtime-status] [94068] Resolved module firebase-admin {"declared":true,"installed":true,"version":"10.0.2","resolution":"C:\\Users\\paliw\\OneDrive\\Desktop\\amaz-clone-copy\\functions\\node_modules\\firebase-admin\\lib\\index.js"} {"metadata":{"emulator":{"name":"functions"},"function":{"name":"us-central1-api"},"extension":{},"message":"[runtime-status] [94068] Resolved module firebase-admin {\"declared\":true,\"installed\":true,\"version\":\"10.0.2\",\"resolution\":\"C:\\\\Users\\\\paliw\\\\OneDrive\\\\Desktop\\\\amaz-clone-copy\\\\functions\\\\node_modules\\\\firebase-admin\\\\lib\\\\index.js\"}"}}
[debug] [2023-01-02T14:54:03.491Z] [runtime-status] [94068] Resolved module firebase-functions {"declared":true,"installed":true,"version":"4.1.1","resolution":"C:\\Users\\paliw\\OneDrive\\Desktop\\amaz-clone-copy\\functions\\node_modules\\firebase-functions\\lib\\v1\\index.js"} {"metadata":{"emulator":{"name":"functions"},"function":{"name":"us-central1-api"},"extension":{},"message":"[runtime-status] [94068] Resolved module firebase-functions {\"declared\":true,\"installed\":true,\"version\":\"4.1.1\",\"resolution\":\"C:\\\\Users\\\\paliw\\\\OneDrive\\\\Desktop\\\\amaz-clone-copy\\\\functions\\\\node_modules\\\\firebase-functions\\\\lib\\\\v1\\\\index.js\"}"}}
[debug] [2023-01-02T14:54:03.492Z] [runtime-status] [94068] firebase-admin has been stubbed. {"adminResolution":{"declared":true,"installed":true,"version":"10.0.2","resolution":"C:\\Users\\paliw\\OneDrive\\Desktop\\amaz-clone-copy\\functions\\node_modules\\firebase-admin\\lib\\index.js"}} {"metadata":{"emulator":{"name":"functions"},"function":{"name":"us-central1-api"},"extension":{},"message":"[runtime-status] [94068] firebase-admin has been stubbed. {\"adminResolution\":{\"declared\":true,\"installed\":true,\"version\":\"10.0.2\",\"resolution\":\"C:\\\\Users\\\\paliw\\\\OneDrive\\\\Desktop\\\\amaz-clone-copy\\\\functions\\\\node_modules\\\\firebase-admin\\\\lib\\\\index.js\"}}"}}
[debug] [2023-01-02T14:54:03.815Z] [runtime-status] [94068] Functions runtime initialized. {"cwd":"C:\\Users\\paliw\\OneDrive\\Desktop\\amaz-clone-copy\\functions","node_version":"16.14.2"} {"metadata":{"emulator":{"name":"functions"},"function":{"name":"us-central1-api"},"extension":{},"message":"[runtime-status] [94068] Functions runtime initialized. {\"cwd\":\"C:\\\\Users\\\\paliw\\\\OneDrive\\\\Desktop\\\\amaz-clone-copy\\\\functions\",\"node_version\":\"16.14.2\"}"}}
[debug] [2023-01-02T14:54:03.816Z] [runtime-status] [94068] Listening to port: \\?\pipe\fire_emu_2687bfc32e550adb {"metadata":{"emulator":{"name":"functions"},"function":{"name":"us-central1-api"},"extension":{},"message":"[runtime-status] [94068] Listening to port: \\\\?\\pipe\\fire_emu_2687bfc32e550adb"}}
[debug] [2023-01-02T14:54:03.929Z] [worker-us-central1-api-ee0e9e03-2444-4d88-afe1-265a683f898e]: IDLE {"metadata":{"emulator":{"name":"functions"},"message":"[worker-us-central1-api-ee0e9e03-2444-4d88-afe1-265a683f898e]: IDLE"}}
[debug] [2023-01-02T14:54:03.930Z] [worker-pool] submitRequest(triggerId=us-central1-api) {"metadata":{"emulator":{"name":"functions"},"message":"[worker-pool] submitRequest(triggerId=us-central1-api)"}}
[debug] [2023-01-02T14:54:03.930Z] [worker-us-central1-api-ee0e9e03-2444-4d88-afe1-265a683f898e]: BUSY {"metadata":{"emulator":{"name":"functions"},"message":"[worker-us-central1-api-ee0e9e03-2444-4d88-afe1-265a683f898e]: BUSY"}}
[info] i  functions: Beginning execution of "api" {"metadata":{"emulator":{"name":"functions"},"function":{"name":"us-central1-api"},"extension":{},"message":"Beginning execution of \"api\""}}
[debug] [2023-01-02T14:54:03.938Z] [worker-us-central1-api-ee0e9e03-2444-4d88-afe1-265a683f898e]: IDLE {"metadata":{"emulator":{"name":"functions"},"message":"[worker-us-central1-api-ee0e9e03-2444-4d88-afe1-265a683f898e]: IDLE"}}
[debug] [2023-01-02T14:54:03.940Z] [work-queue] {"queuedWork":[],"queueLength":0,"runningWork":[],"workRunningCount":0}
[info] i  functions: Finished "api" in 4.8857ms {"metadata":{"emulator":{"name":"functions"},"function":{"name":"us-central1-api"},"extension":{},"message":"Finished \"api\" in 4.8857ms"}}
[debug] [2023-01-02T14:54:03.994Z] Functions emulator received unknown request at path /favicon.ico
